D:\PHD\WORK WITH BCC2008 DATA\AXIOMSPHD\AXIOMSPHD\DEBUG\MAIN.OBJ
D:\PHD\WORK WITH BCC2008 DATA\AXIOMSPHD\AXIOMSPHD\DEBUG\AXIOMS.OBJ
D:\PHD\WORK WITH BCC2008 DATA\AXIOMSPHD\AXIOMSPHD\DEBUG\VC110.PDB
D:\PHD\WORK WITH BCC2008 DATA\AXIOMSPHD\AXIOMSPHD\DEBUG\STRFUNS.OBJ
D:\PHD\WORK WITH BCC2008 DATA\AXIOMSPHD\AXIOMSPHD\DEBUG\DATALOAD.OBJ
D:\PHD\WORK WITH BCC2008 DATA\AXIOMSPHD\AXIOMSPHD\DEBUG\INTERVAL.OBJ
D:\PHD\WORK WITH BCC2008 DATA\AXIOMSPHD\AXIOMSPHD\DEBUG\INTERVALS.OBJ
D:\PHD\WORK WITH BCC2008 DATA\AXIOMSPHD\AXIOMSPHD\DEBUG\TRADESTAT.OBJ
D:\PHD\WORK WITH BCC2008 DATA\AXIOMSPHD\AXIOMSPHD\DEBUG\GOODS.OBJ
D:\PHD\WORK WITH BCC2008 DATA\AXIOMSPHD\AXIOMSPHD\DEBUG\LORENZDATA.OBJ
D:\PHD\WORK WITH BCC2008 DATA\AXIOMSPHD\AXIOMSPHD\DEBUG\MATRIX.OBJ
D:\PHD\WORK WITH BCC2008 DATA\AXIOMSPHD\AXIOMSPHD\DEBUG\STRATA.OBJ
D:\PhD\Work with BCC2008 data\AxiomsPhD\AxiomsPhD\Debug\axioms.obj
D:\PhD\Work with BCC2008 data\AxiomsPhD\AxiomsPhD\Debug\dataload.obj
D:\PhD\Work with BCC2008 data\AxiomsPhD\AxiomsPhD\Debug\goods.obj
D:\PhD\Work with BCC2008 data\AxiomsPhD\AxiomsPhD\Debug\interval.obj
D:\PhD\Work with BCC2008 data\AxiomsPhD\AxiomsPhD\Debug\intervals.obj
D:\PhD\Work with BCC2008 data\AxiomsPhD\AxiomsPhD\Debug\lorenzData.obj
D:\PhD\Work with BCC2008 data\AxiomsPhD\AxiomsPhD\Debug\main.obj
D:\PhD\Work with BCC2008 data\AxiomsPhD\AxiomsPhD\Debug\matrix.obj
D:\PhD\Work with BCC2008 data\AxiomsPhD\AxiomsPhD\Debug\strata.obj
D:\PhD\Work with BCC2008 data\AxiomsPhD\AxiomsPhD\Debug\strfuns.obj
D:\PhD\Work with BCC2008 data\AxiomsPhD\AxiomsPhD\Debug\tradestat.obj
D:\PhD\Work with BCC2008 data\AxiomsPhD\AxiomsPhD\Debug\cl.command.1.tlog
D:\PhD\Work with BCC2008 data\AxiomsPhD\AxiomsPhD\Debug\CL.read.1.tlog
D:\PhD\Work with BCC2008 data\AxiomsPhD\AxiomsPhD\Debug\CL.write.1.tlog
D:\PhD\Work with BCC2008 data\AxiomsPhD\AxiomsPhD\Debug\link-cvtres.read.1.tlog
D:\PhD\Work with BCC2008 data\AxiomsPhD\AxiomsPhD\Debug\link-cvtres.write.1.tlog
D:\PhD\Work with BCC2008 data\AxiomsPhD\AxiomsPhD\Debug\link-rc.read.1.tlog
D:\PhD\Work with BCC2008 data\AxiomsPhD\AxiomsPhD\Debug\link-rc.write.1.tlog
D:\PhD\Work with BCC2008 data\AxiomsPhD\AxiomsPhD\Debug\link.10324-cvtres.read.1.tlog
D:\PhD\Work with BCC2008 data\AxiomsPhD\AxiomsPhD\Debug\link.10324-cvtres.write.1.tlog
D:\PhD\Work with BCC2008 data\AxiomsPhD\AxiomsPhD\Debug\link.10324-rc.read.1.tlog
D:\PhD\Work with BCC2008 data\AxiomsPhD\AxiomsPhD\Debug\link.10324-rc.write.1.tlog
D:\PhD\Work with BCC2008 data\AxiomsPhD\AxiomsPhD\Debug\link.10324.read.1.tlog
D:\PhD\Work with BCC2008 data\AxiomsPhD\AxiomsPhD\Debug\link.10324.write.1.tlog
D:\PhD\Work with BCC2008 data\AxiomsPhD\AxiomsPhD\Debug\link.10552-cvtres.read.1.tlog
D:\PhD\Work with BCC2008 data\AxiomsPhD\AxiomsPhD\Debug\link.10552-cvtres.write.1.tlog
D:\PhD\Work with BCC2008 data\AxiomsPhD\AxiomsPhD\Debug\link.10552-rc.read.1.tlog
D:\PhD\Work with BCC2008 data\AxiomsPhD\AxiomsPhD\Debug\link.10552-rc.write.1.tlog
D:\PhD\Work with BCC2008 data\AxiomsPhD\AxiomsPhD\Debug\link.10552.read.1.tlog
D:\PhD\Work with BCC2008 data\AxiomsPhD\AxiomsPhD\Debug\link.10552.write.1.tlog
D:\PhD\Work with BCC2008 data\AxiomsPhD\AxiomsPhD\Debug\link.10652-cvtres.read.1.tlog
D:\PhD\Work with BCC2008 data\AxiomsPhD\AxiomsPhD\Debug\link.10652-cvtres.write.1.tlog
D:\PhD\Work with BCC2008 data\AxiomsPhD\AxiomsPhD\Debug\link.10652-rc.read.1.tlog
D:\PhD\Work with BCC2008 data\AxiomsPhD\AxiomsPhD\Debug\link.10652-rc.write.1.tlog
D:\PhD\Work with BCC2008 data\AxiomsPhD\AxiomsPhD\Debug\link.10652.read.1.tlog
D:\PhD\Work with BCC2008 data\AxiomsPhD\AxiomsPhD\Debug\link.10652.write.1.tlog
D:\PhD\Work with BCC2008 data\AxiomsPhD\AxiomsPhD\Debug\link.10776-cvtres.read.1.tlog
D:\PhD\Work with BCC2008 data\AxiomsPhD\AxiomsPhD\Debug\link.10776-cvtres.write.1.tlog
D:\PhD\Work with BCC2008 data\AxiomsPhD\AxiomsPhD\Debug\link.10776-rc.read.1.tlog
D:\PhD\Work with BCC2008 data\AxiomsPhD\AxiomsPhD\Debug\link.10776-rc.write.1.tlog
D:\PhD\Work with BCC2008 data\AxiomsPhD\AxiomsPhD\Debug\link.10776.read.1.tlog
D:\PhD\Work with BCC2008 data\AxiomsPhD\AxiomsPhD\Debug\link.10776.write.1.tlog
D:\PhD\Work with BCC2008 data\AxiomsPhD\AxiomsPhD\Debug\link.10840-cvtres.read.1.tlog
D:\PhD\Work with BCC2008 data\AxiomsPhD\AxiomsPhD\Debug\link.10840-cvtres.write.1.tlog
D:\PhD\Work with BCC2008 data\AxiomsPhD\AxiomsPhD\Debug\link.10840-rc.read.1.tlog
D:\PhD\Work with BCC2008 data\AxiomsPhD\AxiomsPhD\Debug\link.10840-rc.write.1.tlog
D:\PhD\Work with BCC2008 data\AxiomsPhD\AxiomsPhD\Debug\link.10840.read.1.tlog
D:\PhD\Work with BCC2008 data\AxiomsPhD\AxiomsPhD\Debug\link.10840.write.1.tlog
D:\PhD\Work with BCC2008 data\AxiomsPhD\AxiomsPhD\Debug\link.11024-cvtres.read.1.tlog
D:\PhD\Work with BCC2008 data\AxiomsPhD\AxiomsPhD\Debug\link.11024-cvtres.write.1.tlog
D:\PhD\Work with BCC2008 data\AxiomsPhD\AxiomsPhD\Debug\link.11024-rc.read.1.tlog
D:\PhD\Work with BCC2008 data\AxiomsPhD\AxiomsPhD\Debug\link.11024-rc.write.1.tlog
D:\PhD\Work with BCC2008 data\AxiomsPhD\AxiomsPhD\Debug\link.11024.read.1.tlog
D:\PhD\Work with BCC2008 data\AxiomsPhD\AxiomsPhD\Debug\link.11024.write.1.tlog
D:\PhD\Work with BCC2008 data\AxiomsPhD\AxiomsPhD\Debug\link.11048-cvtres.read.1.tlog
D:\PhD\Work with BCC2008 data\AxiomsPhD\AxiomsPhD\Debug\link.11048-cvtres.write.1.tlog
D:\PhD\Work with BCC2008 data\AxiomsPhD\AxiomsPhD\Debug\link.11048-rc.read.1.tlog
D:\PhD\Work with BCC2008 data\AxiomsPhD\AxiomsPhD\Debug\link.11048-rc.write.1.tlog
D:\PhD\Work with BCC2008 data\AxiomsPhD\AxiomsPhD\Debug\link.11048.read.1.tlog
D:\PhD\Work with BCC2008 data\AxiomsPhD\AxiomsPhD\Debug\link.11048.write.1.tlog
D:\PhD\Work with BCC2008 data\AxiomsPhD\AxiomsPhD\Debug\link.11076-cvtres.read.1.tlog
D:\PhD\Work with BCC2008 data\AxiomsPhD\AxiomsPhD\Debug\link.11076-cvtres.write.1.tlog
D:\PhD\Work with BCC2008 data\AxiomsPhD\AxiomsPhD\Debug\link.11076-rc.read.1.tlog
D:\PhD\Work with BCC2008 data\AxiomsPhD\AxiomsPhD\Debug\link.11076-rc.write.1.tlog
D:\PhD\Work with BCC2008 data\AxiomsPhD\AxiomsPhD\Debug\link.11076.read.1.tlog
D:\PhD\Work with BCC2008 data\AxiomsPhD\AxiomsPhD\Debug\link.11076.write.1.tlog
D:\PhD\Work with BCC2008 data\AxiomsPhD\AxiomsPhD\Debug\link.11124-cvtres.read.1.tlog
D:\PhD\Work with BCC2008 data\AxiomsPhD\AxiomsPhD\Debug\link.11124-cvtres.write.1.tlog
D:\PhD\Work with BCC2008 data\AxiomsPhD\AxiomsPhD\Debug\link.11124-rc.read.1.tlog
D:\PhD\Work with BCC2008 data\AxiomsPhD\AxiomsPhD\Debug\link.11124-rc.write.1.tlog
D:\PhD\Work with BCC2008 data\AxiomsPhD\AxiomsPhD\Debug\link.11124.read.1.tlog
D:\PhD\Work with BCC2008 data\AxiomsPhD\AxiomsPhD\Debug\link.11124.write.1.tlog
D:\PhD\Work with BCC2008 data\AxiomsPhD\AxiomsPhD\Debug\link.11200-cvtres.read.1.tlog
D:\PhD\Work with BCC2008 data\AxiomsPhD\AxiomsPhD\Debug\link.11200-cvtres.write.1.tlog
D:\PhD\Work with BCC2008 data\AxiomsPhD\AxiomsPhD\Debug\link.11200-rc.read.1.tlog
D:\PhD\Work with BCC2008 data\AxiomsPhD\AxiomsPhD\Debug\link.11200-rc.write.1.tlog
D:\PhD\Work with BCC2008 data\AxiomsPhD\AxiomsPhD\Debug\link.11200.read.1.tlog
D:\PhD\Work with BCC2008 data\AxiomsPhD\AxiomsPhD\Debug\link.11200.write.1.tlog
D:\PhD\Work with BCC2008 data\AxiomsPhD\AxiomsPhD\Debug\link.11288-cvtres.read.1.tlog
D:\PhD\Work with BCC2008 data\AxiomsPhD\AxiomsPhD\Debug\link.11288-cvtres.write.1.tlog
D:\PhD\Work with BCC2008 data\AxiomsPhD\AxiomsPhD\Debug\link.11288-rc.read.1.tlog
D:\PhD\Work with BCC2008 data\AxiomsPhD\AxiomsPhD\Debug\link.11288-rc.write.1.tlog
D:\PhD\Work with BCC2008 data\AxiomsPhD\AxiomsPhD\Debug\link.11288.read.1.tlog
D:\PhD\Work with BCC2008 data\AxiomsPhD\AxiomsPhD\Debug\link.11288.write.1.tlog
D:\PhD\Work with BCC2008 data\AxiomsPhD\AxiomsPhD\Debug\link.11336-cvtres.read.1.tlog
D:\PhD\Work with BCC2008 data\AxiomsPhD\AxiomsPhD\Debug\link.11336-cvtres.write.1.tlog
D:\PhD\Work with BCC2008 data\AxiomsPhD\AxiomsPhD\Debug\link.11336-rc.read.1.tlog
D:\PhD\Work with BCC2008 data\AxiomsPhD\AxiomsPhD\Debug\link.11336-rc.write.1.tlog
D:\PhD\Work with BCC2008 data\AxiomsPhD\AxiomsPhD\Debug\link.11336.read.1.tlog
D:\PhD\Work with BCC2008 data\AxiomsPhD\AxiomsPhD\Debug\link.11336.write.1.tlog
D:\PhD\Work with BCC2008 data\AxiomsPhD\AxiomsPhD\Debug\link.12156-cvtres.read.1.tlog
D:\PhD\Work with BCC2008 data\AxiomsPhD\AxiomsPhD\Debug\link.12156-cvtres.write.1.tlog
D:\PhD\Work with BCC2008 data\AxiomsPhD\AxiomsPhD\Debug\link.12156-rc.read.1.tlog
D:\PhD\Work with BCC2008 data\AxiomsPhD\AxiomsPhD\Debug\link.12156-rc.write.1.tlog
D:\PhD\Work with BCC2008 data\AxiomsPhD\AxiomsPhD\Debug\link.12156.read.1.tlog
D:\PhD\Work with BCC2008 data\AxiomsPhD\AxiomsPhD\Debug\link.12156.write.1.tlog
D:\PhD\Work with BCC2008 data\AxiomsPhD\AxiomsPhD\Debug\link.12908-cvtres.read.1.tlog
D:\PhD\Work with BCC2008 data\AxiomsPhD\AxiomsPhD\Debug\link.12908-cvtres.write.1.tlog
D:\PhD\Work with BCC2008 data\AxiomsPhD\AxiomsPhD\Debug\link.12908-rc.read.1.tlog
D:\PhD\Work with BCC2008 data\AxiomsPhD\AxiomsPhD\Debug\link.12908-rc.write.1.tlog
D:\PhD\Work with BCC2008 data\AxiomsPhD\AxiomsPhD\Debug\link.12908.read.1.tlog
D:\PhD\Work with BCC2008 data\AxiomsPhD\AxiomsPhD\Debug\link.12908.write.1.tlog
D:\PhD\Work with BCC2008 data\AxiomsPhD\AxiomsPhD\Debug\link.13984-cvtres.read.1.tlog
D:\PhD\Work with BCC2008 data\AxiomsPhD\AxiomsPhD\Debug\link.13984-cvtres.write.1.tlog
D:\PhD\Work with BCC2008 data\AxiomsPhD\AxiomsPhD\Debug\link.13984-rc.read.1.tlog
D:\PhD\Work with BCC2008 data\AxiomsPhD\AxiomsPhD\Debug\link.13984-rc.write.1.tlog
D:\PhD\Work with BCC2008 data\AxiomsPhD\AxiomsPhD\Debug\link.13984.read.1.tlog
D:\PhD\Work with BCC2008 data\AxiomsPhD\AxiomsPhD\Debug\link.13984.write.1.tlog
D:\PhD\Work with BCC2008 data\AxiomsPhD\AxiomsPhD\Debug\link.1568-cvtres.read.1.tlog
D:\PhD\Work with BCC2008 data\AxiomsPhD\AxiomsPhD\Debug\link.1568-cvtres.write.1.tlog
D:\PhD\Work with BCC2008 data\AxiomsPhD\AxiomsPhD\Debug\link.1568-rc.read.1.tlog
D:\PhD\Work with BCC2008 data\AxiomsPhD\AxiomsPhD\Debug\link.1568-rc.write.1.tlog
D:\PhD\Work with BCC2008 data\AxiomsPhD\AxiomsPhD\Debug\link.1568.read.1.tlog
D:\PhD\Work with BCC2008 data\AxiomsPhD\AxiomsPhD\Debug\link.1568.write.1.tlog
D:\PhD\Work with BCC2008 data\AxiomsPhD\AxiomsPhD\Debug\link.1708-cvtres.read.1.tlog
D:\PhD\Work with BCC2008 data\AxiomsPhD\AxiomsPhD\Debug\link.1708-cvtres.write.1.tlog
D:\PhD\Work with BCC2008 data\AxiomsPhD\AxiomsPhD\Debug\link.1708-rc.read.1.tlog
D:\PhD\Work with BCC2008 data\AxiomsPhD\AxiomsPhD\Debug\link.1708-rc.write.1.tlog
D:\PhD\Work with BCC2008 data\AxiomsPhD\AxiomsPhD\Debug\link.1708.read.1.tlog
D:\PhD\Work with BCC2008 data\AxiomsPhD\AxiomsPhD\Debug\link.1708.write.1.tlog
D:\PhD\Work with BCC2008 data\AxiomsPhD\AxiomsPhD\Debug\link.18560.read.1.tlog
D:\PhD\Work with BCC2008 data\AxiomsPhD\AxiomsPhD\Debug\link.18560.write.1.tlog
D:\PhD\Work with BCC2008 data\AxiomsPhD\AxiomsPhD\Debug\link.2252-cvtres.read.1.tlog
D:\PhD\Work with BCC2008 data\AxiomsPhD\AxiomsPhD\Debug\link.2252-cvtres.write.1.tlog
D:\PhD\Work with BCC2008 data\AxiomsPhD\AxiomsPhD\Debug\link.2252-rc.read.1.tlog
D:\PhD\Work with BCC2008 data\AxiomsPhD\AxiomsPhD\Debug\link.2252-rc.write.1.tlog
D:\PhD\Work with BCC2008 data\AxiomsPhD\AxiomsPhD\Debug\link.2252.read.1.tlog
D:\PhD\Work with BCC2008 data\AxiomsPhD\AxiomsPhD\Debug\link.2252.write.1.tlog
D:\PhD\Work with BCC2008 data\AxiomsPhD\AxiomsPhD\Debug\link.2652-cvtres.read.1.tlog
D:\PhD\Work with BCC2008 data\AxiomsPhD\AxiomsPhD\Debug\link.2652-cvtres.write.1.tlog
D:\PhD\Work with BCC2008 data\AxiomsPhD\AxiomsPhD\Debug\link.2652-rc.read.1.tlog
D:\PhD\Work with BCC2008 data\AxiomsPhD\AxiomsPhD\Debug\link.2652-rc.write.1.tlog
D:\PhD\Work with BCC2008 data\AxiomsPhD\AxiomsPhD\Debug\link.2652.read.1.tlog
D:\PhD\Work with BCC2008 data\AxiomsPhD\AxiomsPhD\Debug\link.2652.write.1.tlog
D:\PhD\Work with BCC2008 data\AxiomsPhD\AxiomsPhD\Debug\link.3548-cvtres.read.1.tlog
D:\PhD\Work with BCC2008 data\AxiomsPhD\AxiomsPhD\Debug\link.3548-cvtres.write.1.tlog
D:\PhD\Work with BCC2008 data\AxiomsPhD\AxiomsPhD\Debug\link.3548-rc.read.1.tlog
D:\PhD\Work with BCC2008 data\AxiomsPhD\AxiomsPhD\Debug\link.3548-rc.write.1.tlog
D:\PhD\Work with BCC2008 data\AxiomsPhD\AxiomsPhD\Debug\link.3548.read.1.tlog
D:\PhD\Work with BCC2008 data\AxiomsPhD\AxiomsPhD\Debug\link.3548.write.1.tlog
D:\PhD\Work with BCC2008 data\AxiomsPhD\AxiomsPhD\Debug\link.3956-cvtres.read.1.tlog
D:\PhD\Work with BCC2008 data\AxiomsPhD\AxiomsPhD\Debug\link.3956-cvtres.write.1.tlog
D:\PhD\Work with BCC2008 data\AxiomsPhD\AxiomsPhD\Debug\link.3956-rc.read.1.tlog
D:\PhD\Work with BCC2008 data\AxiomsPhD\AxiomsPhD\Debug\link.3956-rc.write.1.tlog
D:\PhD\Work with BCC2008 data\AxiomsPhD\AxiomsPhD\Debug\link.3956.read.1.tlog
D:\PhD\Work with BCC2008 data\AxiomsPhD\AxiomsPhD\Debug\link.3956.write.1.tlog
D:\PhD\Work with BCC2008 data\AxiomsPhD\AxiomsPhD\Debug\link.4476-cvtres.read.1.tlog
D:\PhD\Work with BCC2008 data\AxiomsPhD\AxiomsPhD\Debug\link.4476-cvtres.write.1.tlog
D:\PhD\Work with BCC2008 data\AxiomsPhD\AxiomsPhD\Debug\link.4476-rc.read.1.tlog
D:\PhD\Work with BCC2008 data\AxiomsPhD\AxiomsPhD\Debug\link.4476-rc.write.1.tlog
D:\PhD\Work with BCC2008 data\AxiomsPhD\AxiomsPhD\Debug\link.4476.read.1.tlog
D:\PhD\Work with BCC2008 data\AxiomsPhD\AxiomsPhD\Debug\link.4476.write.1.tlog
D:\PhD\Work with BCC2008 data\AxiomsPhD\AxiomsPhD\Debug\link.4952-cvtres.read.1.tlog
D:\PhD\Work with BCC2008 data\AxiomsPhD\AxiomsPhD\Debug\link.4952-cvtres.write.1.tlog
D:\PhD\Work with BCC2008 data\AxiomsPhD\AxiomsPhD\Debug\link.4952-rc.read.1.tlog
D:\PhD\Work with BCC2008 data\AxiomsPhD\AxiomsPhD\Debug\link.4952-rc.write.1.tlog
D:\PhD\Work with BCC2008 data\AxiomsPhD\AxiomsPhD\Debug\link.4952.read.1.tlog
D:\PhD\Work with BCC2008 data\AxiomsPhD\AxiomsPhD\Debug\link.4952.write.1.tlog
D:\PhD\Work with BCC2008 data\AxiomsPhD\AxiomsPhD\Debug\link.5488-cvtres.read.1.tlog
D:\PhD\Work with BCC2008 data\AxiomsPhD\AxiomsPhD\Debug\link.5488-cvtres.write.1.tlog
D:\PhD\Work with BCC2008 data\AxiomsPhD\AxiomsPhD\Debug\link.5488-rc.read.1.tlog
D:\PhD\Work with BCC2008 data\AxiomsPhD\AxiomsPhD\Debug\link.5488-rc.write.1.tlog
D:\PhD\Work with BCC2008 data\AxiomsPhD\AxiomsPhD\Debug\link.5488.read.1.tlog
D:\PhD\Work with BCC2008 data\AxiomsPhD\AxiomsPhD\Debug\link.5488.write.1.tlog
D:\PhD\Work with BCC2008 data\AxiomsPhD\AxiomsPhD\Debug\link.5636-cvtres.read.1.tlog
D:\PhD\Work with BCC2008 data\AxiomsPhD\AxiomsPhD\Debug\link.5636-cvtres.write.1.tlog
D:\PhD\Work with BCC2008 data\AxiomsPhD\AxiomsPhD\Debug\link.5636-rc.read.1.tlog
D:\PhD\Work with BCC2008 data\AxiomsPhD\AxiomsPhD\Debug\link.5636-rc.write.1.tlog
D:\PhD\Work with BCC2008 data\AxiomsPhD\AxiomsPhD\Debug\link.5636.read.1.tlog
D:\PhD\Work with BCC2008 data\AxiomsPhD\AxiomsPhD\Debug\link.5636.write.1.tlog
D:\PhD\Work with BCC2008 data\AxiomsPhD\AxiomsPhD\Debug\link.5784-cvtres.read.1.tlog
D:\PhD\Work with BCC2008 data\AxiomsPhD\AxiomsPhD\Debug\link.5784-cvtres.write.1.tlog
D:\PhD\Work with BCC2008 data\AxiomsPhD\AxiomsPhD\Debug\link.5784-rc.read.1.tlog
D:\PhD\Work with BCC2008 data\AxiomsPhD\AxiomsPhD\Debug\link.5784-rc.write.1.tlog
D:\PhD\Work with BCC2008 data\AxiomsPhD\AxiomsPhD\Debug\link.5784.read.1.tlog
D:\PhD\Work with BCC2008 data\AxiomsPhD\AxiomsPhD\Debug\link.5784.write.1.tlog
D:\PhD\Work with BCC2008 data\AxiomsPhD\AxiomsPhD\Debug\link.6112-cvtres.read.1.tlog
D:\PhD\Work with BCC2008 data\AxiomsPhD\AxiomsPhD\Debug\link.6112-cvtres.write.1.tlog
D:\PhD\Work with BCC2008 data\AxiomsPhD\AxiomsPhD\Debug\link.6112-rc.read.1.tlog
D:\PhD\Work with BCC2008 data\AxiomsPhD\AxiomsPhD\Debug\link.6112-rc.write.1.tlog
D:\PhD\Work with BCC2008 data\AxiomsPhD\AxiomsPhD\Debug\link.6112.read.1.tlog
D:\PhD\Work with BCC2008 data\AxiomsPhD\AxiomsPhD\Debug\link.6112.write.1.tlog
D:\PhD\Work with BCC2008 data\AxiomsPhD\AxiomsPhD\Debug\link.644-cvtres.read.1.tlog
D:\PhD\Work with BCC2008 data\AxiomsPhD\AxiomsPhD\Debug\link.644-cvtres.write.1.tlog
D:\PhD\Work with BCC2008 data\AxiomsPhD\AxiomsPhD\Debug\link.644-rc.read.1.tlog
D:\PhD\Work with BCC2008 data\AxiomsPhD\AxiomsPhD\Debug\link.644-rc.write.1.tlog
D:\PhD\Work with BCC2008 data\AxiomsPhD\AxiomsPhD\Debug\link.644.read.1.tlog
D:\PhD\Work with BCC2008 data\AxiomsPhD\AxiomsPhD\Debug\link.644.write.1.tlog
D:\PhD\Work with BCC2008 data\AxiomsPhD\AxiomsPhD\Debug\link.6492-cvtres.read.1.tlog
D:\PhD\Work with BCC2008 data\AxiomsPhD\AxiomsPhD\Debug\link.6492-cvtres.write.1.tlog
D:\PhD\Work with BCC2008 data\AxiomsPhD\AxiomsPhD\Debug\link.6492-rc.read.1.tlog
D:\PhD\Work with BCC2008 data\AxiomsPhD\AxiomsPhD\Debug\link.6492-rc.write.1.tlog
D:\PhD\Work with BCC2008 data\AxiomsPhD\AxiomsPhD\Debug\link.6492.read.1.tlog
D:\PhD\Work with BCC2008 data\AxiomsPhD\AxiomsPhD\Debug\link.6492.write.1.tlog
D:\PhD\Work with BCC2008 data\AxiomsPhD\AxiomsPhD\Debug\link.6572-cvtres.read.1.tlog
D:\PhD\Work with BCC2008 data\AxiomsPhD\AxiomsPhD\Debug\link.6572-cvtres.write.1.tlog
D:\PhD\Work with BCC2008 data\AxiomsPhD\AxiomsPhD\Debug\link.6572-rc.read.1.tlog
D:\PhD\Work with BCC2008 data\AxiomsPhD\AxiomsPhD\Debug\link.6572-rc.write.1.tlog
D:\PhD\Work with BCC2008 data\AxiomsPhD\AxiomsPhD\Debug\link.6572.read.1.tlog
D:\PhD\Work with BCC2008 data\AxiomsPhD\AxiomsPhD\Debug\link.6572.write.1.tlog
D:\PhD\Work with BCC2008 data\AxiomsPhD\AxiomsPhD\Debug\link.6812-cvtres.read.1.tlog
D:\PhD\Work with BCC2008 data\AxiomsPhD\AxiomsPhD\Debug\link.6812-cvtres.write.1.tlog
D:\PhD\Work with BCC2008 data\AxiomsPhD\AxiomsPhD\Debug\link.6812-rc.read.1.tlog
D:\PhD\Work with BCC2008 data\AxiomsPhD\AxiomsPhD\Debug\link.6812-rc.write.1.tlog
D:\PhD\Work with BCC2008 data\AxiomsPhD\AxiomsPhD\Debug\link.6812.read.1.tlog
D:\PhD\Work with BCC2008 data\AxiomsPhD\AxiomsPhD\Debug\link.6812.write.1.tlog
D:\PhD\Work with BCC2008 data\AxiomsPhD\AxiomsPhD\Debug\link.7084-cvtres.read.1.tlog
D:\PhD\Work with BCC2008 data\AxiomsPhD\AxiomsPhD\Debug\link.7084-cvtres.write.1.tlog
D:\PhD\Work with BCC2008 data\AxiomsPhD\AxiomsPhD\Debug\link.7084-rc.read.1.tlog
D:\PhD\Work with BCC2008 data\AxiomsPhD\AxiomsPhD\Debug\link.7084-rc.write.1.tlog
D:\PhD\Work with BCC2008 data\AxiomsPhD\AxiomsPhD\Debug\link.7084.read.1.tlog
D:\PhD\Work with BCC2008 data\AxiomsPhD\AxiomsPhD\Debug\link.7084.write.1.tlog
D:\PhD\Work with BCC2008 data\AxiomsPhD\AxiomsPhD\Debug\link.7324-cvtres.read.1.tlog
D:\PhD\Work with BCC2008 data\AxiomsPhD\AxiomsPhD\Debug\link.7324-cvtres.write.1.tlog
D:\PhD\Work with BCC2008 data\AxiomsPhD\AxiomsPhD\Debug\link.7324-rc.read.1.tlog
D:\PhD\Work with BCC2008 data\AxiomsPhD\AxiomsPhD\Debug\link.7324-rc.write.1.tlog
D:\PhD\Work with BCC2008 data\AxiomsPhD\AxiomsPhD\Debug\link.7324.read.1.tlog
D:\PhD\Work with BCC2008 data\AxiomsPhD\AxiomsPhD\Debug\link.7324.write.1.tlog
D:\PhD\Work with BCC2008 data\AxiomsPhD\AxiomsPhD\Debug\link.7336-cvtres.read.1.tlog
D:\PhD\Work with BCC2008 data\AxiomsPhD\AxiomsPhD\Debug\link.7336-cvtres.write.1.tlog
D:\PhD\Work with BCC2008 data\AxiomsPhD\AxiomsPhD\Debug\link.7336-rc.read.1.tlog
D:\PhD\Work with BCC2008 data\AxiomsPhD\AxiomsPhD\Debug\link.7336-rc.write.1.tlog
D:\PhD\Work with BCC2008 data\AxiomsPhD\AxiomsPhD\Debug\link.7336.read.1.tlog
D:\PhD\Work with BCC2008 data\AxiomsPhD\AxiomsPhD\Debug\link.7336.write.1.tlog
D:\PhD\Work with BCC2008 data\AxiomsPhD\AxiomsPhD\Debug\link.7428-cvtres.read.1.tlog
D:\PhD\Work with BCC2008 data\AxiomsPhD\AxiomsPhD\Debug\link.7428-cvtres.write.1.tlog
D:\PhD\Work with BCC2008 data\AxiomsPhD\AxiomsPhD\Debug\link.7428-rc.read.1.tlog
D:\PhD\Work with BCC2008 data\AxiomsPhD\AxiomsPhD\Debug\link.7428-rc.write.1.tlog
D:\PhD\Work with BCC2008 data\AxiomsPhD\AxiomsPhD\Debug\link.7428.read.1.tlog
D:\PhD\Work with BCC2008 data\AxiomsPhD\AxiomsPhD\Debug\link.7428.write.1.tlog
D:\PhD\Work with BCC2008 data\AxiomsPhD\AxiomsPhD\Debug\link.7452-cvtres.read.1.tlog
D:\PhD\Work with BCC2008 data\AxiomsPhD\AxiomsPhD\Debug\link.7452-cvtres.write.1.tlog
D:\PhD\Work with BCC2008 data\AxiomsPhD\AxiomsPhD\Debug\link.7452-rc.read.1.tlog
D:\PhD\Work with BCC2008 data\AxiomsPhD\AxiomsPhD\Debug\link.7452-rc.write.1.tlog
D:\PhD\Work with BCC2008 data\AxiomsPhD\AxiomsPhD\Debug\link.7452.read.1.tlog
D:\PhD\Work with BCC2008 data\AxiomsPhD\AxiomsPhD\Debug\link.7452.write.1.tlog
D:\PhD\Work with BCC2008 data\AxiomsPhD\AxiomsPhD\Debug\link.7460-cvtres.read.1.tlog
D:\PhD\Work with BCC2008 data\AxiomsPhD\AxiomsPhD\Debug\link.7460-cvtres.write.1.tlog
D:\PhD\Work with BCC2008 data\AxiomsPhD\AxiomsPhD\Debug\link.7460-rc.read.1.tlog
D:\PhD\Work with BCC2008 data\AxiomsPhD\AxiomsPhD\Debug\link.7460-rc.write.1.tlog
D:\PhD\Work with BCC2008 data\AxiomsPhD\AxiomsPhD\Debug\link.7460.read.1.tlog
D:\PhD\Work with BCC2008 data\AxiomsPhD\AxiomsPhD\Debug\link.7460.write.1.tlog
D:\PhD\Work with BCC2008 data\AxiomsPhD\AxiomsPhD\Debug\link.7580-cvtres.read.1.tlog
D:\PhD\Work with BCC2008 data\AxiomsPhD\AxiomsPhD\Debug\link.7580-cvtres.write.1.tlog
D:\PhD\Work with BCC2008 data\AxiomsPhD\AxiomsPhD\Debug\link.7580-rc.read.1.tlog
D:\PhD\Work with BCC2008 data\AxiomsPhD\AxiomsPhD\Debug\link.7580-rc.write.1.tlog
D:\PhD\Work with BCC2008 data\AxiomsPhD\AxiomsPhD\Debug\link.7580.read.1.tlog
D:\PhD\Work with BCC2008 data\AxiomsPhD\AxiomsPhD\Debug\link.7580.write.1.tlog
D:\PhD\Work with BCC2008 data\AxiomsPhD\AxiomsPhD\Debug\link.7972-cvtres.read.1.tlog
D:\PhD\Work with BCC2008 data\AxiomsPhD\AxiomsPhD\Debug\link.7972-cvtres.write.1.tlog
D:\PhD\Work with BCC2008 data\AxiomsPhD\AxiomsPhD\Debug\link.7972-rc.read.1.tlog
D:\PhD\Work with BCC2008 data\AxiomsPhD\AxiomsPhD\Debug\link.7972-rc.write.1.tlog
D:\PhD\Work with BCC2008 data\AxiomsPhD\AxiomsPhD\Debug\link.7972.read.1.tlog
D:\PhD\Work with BCC2008 data\AxiomsPhD\AxiomsPhD\Debug\link.7972.write.1.tlog
D:\PhD\Work with BCC2008 data\AxiomsPhD\AxiomsPhD\Debug\link.8624-cvtres.read.1.tlog
D:\PhD\Work with BCC2008 data\AxiomsPhD\AxiomsPhD\Debug\link.8624-cvtres.write.1.tlog
D:\PhD\Work with BCC2008 data\AxiomsPhD\AxiomsPhD\Debug\link.8624-rc.read.1.tlog
D:\PhD\Work with BCC2008 data\AxiomsPhD\AxiomsPhD\Debug\link.8624-rc.write.1.tlog
D:\PhD\Work with BCC2008 data\AxiomsPhD\AxiomsPhD\Debug\link.8624.read.1.tlog
D:\PhD\Work with BCC2008 data\AxiomsPhD\AxiomsPhD\Debug\link.8624.write.1.tlog
D:\PhD\Work with BCC2008 data\AxiomsPhD\AxiomsPhD\Debug\link.8740-cvtres.read.1.tlog
D:\PhD\Work with BCC2008 data\AxiomsPhD\AxiomsPhD\Debug\link.8740-cvtres.write.1.tlog
D:\PhD\Work with BCC2008 data\AxiomsPhD\AxiomsPhD\Debug\link.8740-rc.read.1.tlog
D:\PhD\Work with BCC2008 data\AxiomsPhD\AxiomsPhD\Debug\link.8740-rc.write.1.tlog
D:\PhD\Work with BCC2008 data\AxiomsPhD\AxiomsPhD\Debug\link.8740.read.1.tlog
D:\PhD\Work with BCC2008 data\AxiomsPhD\AxiomsPhD\Debug\link.8740.write.1.tlog
D:\PhD\Work with BCC2008 data\AxiomsPhD\AxiomsPhD\Debug\link.8868-cvtres.read.1.tlog
D:\PhD\Work with BCC2008 data\AxiomsPhD\AxiomsPhD\Debug\link.8868-cvtres.write.1.tlog
D:\PhD\Work with BCC2008 data\AxiomsPhD\AxiomsPhD\Debug\link.8868-rc.read.1.tlog
D:\PhD\Work with BCC2008 data\AxiomsPhD\AxiomsPhD\Debug\link.8868-rc.write.1.tlog
D:\PhD\Work with BCC2008 data\AxiomsPhD\AxiomsPhD\Debug\link.8868.read.1.tlog
D:\PhD\Work with BCC2008 data\AxiomsPhD\AxiomsPhD\Debug\link.8868.write.1.tlog
D:\PhD\Work with BCC2008 data\AxiomsPhD\AxiomsPhD\Debug\link.8980-cvtres.read.1.tlog
D:\PhD\Work with BCC2008 data\AxiomsPhD\AxiomsPhD\Debug\link.8980-cvtres.write.1.tlog
D:\PhD\Work with BCC2008 data\AxiomsPhD\AxiomsPhD\Debug\link.8980-rc.read.1.tlog
D:\PhD\Work with BCC2008 data\AxiomsPhD\AxiomsPhD\Debug\link.8980-rc.write.1.tlog
D:\PhD\Work with BCC2008 data\AxiomsPhD\AxiomsPhD\Debug\link.8980.read.1.tlog
D:\PhD\Work with BCC2008 data\AxiomsPhD\AxiomsPhD\Debug\link.8980.write.1.tlog
D:\PhD\Work with BCC2008 data\AxiomsPhD\AxiomsPhD\Debug\link.9096-cvtres.read.1.tlog
D:\PhD\Work with BCC2008 data\AxiomsPhD\AxiomsPhD\Debug\link.9096-cvtres.write.1.tlog
D:\PhD\Work with BCC2008 data\AxiomsPhD\AxiomsPhD\Debug\link.9096-rc.read.1.tlog
D:\PhD\Work with BCC2008 data\AxiomsPhD\AxiomsPhD\Debug\link.9096-rc.write.1.tlog
D:\PhD\Work with BCC2008 data\AxiomsPhD\AxiomsPhD\Debug\link.9096.read.1.tlog
D:\PhD\Work with BCC2008 data\AxiomsPhD\AxiomsPhD\Debug\link.9096.write.1.tlog
D:\PhD\Work with BCC2008 data\AxiomsPhD\AxiomsPhD\Debug\link.9408-cvtres.read.1.tlog
D:\PhD\Work with BCC2008 data\AxiomsPhD\AxiomsPhD\Debug\link.9408-cvtres.write.1.tlog
D:\PhD\Work with BCC2008 data\AxiomsPhD\AxiomsPhD\Debug\link.9408-rc.read.1.tlog
D:\PhD\Work with BCC2008 data\AxiomsPhD\AxiomsPhD\Debug\link.9408-rc.write.1.tlog
D:\PhD\Work with BCC2008 data\AxiomsPhD\AxiomsPhD\Debug\link.9408.read.1.tlog
D:\PhD\Work with BCC2008 data\AxiomsPhD\AxiomsPhD\Debug\link.9408.write.1.tlog
D:\PhD\Work with BCC2008 data\AxiomsPhD\AxiomsPhD\Debug\link.9824-cvtres.read.1.tlog
D:\PhD\Work with BCC2008 data\AxiomsPhD\AxiomsPhD\Debug\link.9824-cvtres.write.1.tlog
D:\PhD\Work with BCC2008 data\AxiomsPhD\AxiomsPhD\Debug\link.9824-rc.read.1.tlog
D:\PhD\Work with BCC2008 data\AxiomsPhD\AxiomsPhD\Debug\link.9824-rc.write.1.tlog
D:\PhD\Work with BCC2008 data\AxiomsPhD\AxiomsPhD\Debug\link.9824.read.1.tlog
D:\PhD\Work with BCC2008 data\AxiomsPhD\AxiomsPhD\Debug\link.9824.write.1.tlog
D:\PhD\Work with BCC2008 data\AxiomsPhD\AxiomsPhD\Debug\link.command.1.tlog
D:\PhD\Work with BCC2008 data\AxiomsPhD\AxiomsPhD\Debug\link.read.1.tlog
D:\PhD\Work with BCC2008 data\AxiomsPhD\AxiomsPhD\Debug\link.write.1.tlog
D:\PhD\Work with BCC2008 data\AxiomsPhD\AxiomsPhD\Debug\vc110.idb
D:\PhD\Work with BCC2008 data\AxiomsPhD\AxiomsPhD\Debug\vc110.pdb
D:\PhD\Work with BCC2008 data\AxiomsPhD\Debug\AxiomsPhD.pdb
D:\PhD\Work with BCC2008 data\AxiomsPhD\Debug\AxiomsPhD.exe
D:\PhD\Work with BCC2008 data\AxiomsPhD\Debug\AxiomsPhD.ilk
